TN:
SF:script/BalanceReader.s.sol
DA:8,0
FN:8,DeployBalanceReader.run
FNDA:0,DeployBalanceReader.run
DA:10,0
DA:12,0
DA:13,0
DA:15,0
DA:17,0
FNF:1
FNH:0
LF:6
LH:0
BRF:0
BRH:0
end_of_record
TN:
SF:src/BalanceReader.sol
DA:14,0
FN:14,BalanceReader.batchBalanceOf
FNDA:0,BalanceReader.batchBalanceOf
DA:18,0
DA:19,0
DA:20,0
DA:21,0
DA:22,0
DA:23,0
BRDA:23,0,0,-
DA:25,0
BRDA:25,1,0,-
DA:26,0
DA:27,0
BRDA:27,1,1,-
DA:28,0
DA:31,0
DA:33,0
FNF:1
FNH:0
LF:13
LH:0
BRF:3
BRH:0
end_of_record
TN:
SF:test/BalanceReader.t.sol
DA:11,0
FN:11,MockToken.setBalance
FNDA:0,MockToken.setBalance
DA:12,0
DA:15,0
FN:15,MockToken.balanceOf
FNDA:0,MockToken.balanceOf
DA:16,0
DA:22,0
FN:22,RevertingToken.balanceOf
FNDA:0,RevertingToken.balanceOf
DA:23,0
FNF:3
FNH:0
LF:6
LH:0
BRF:0
BRH:0
end_of_record
