TN:
SF:src/Greeting.sol
DA:78,22
FN:78,Greeting.constructor
FNDA:22,Greeting.constructor
DA:79,22
BRDA:79,0,0,1
DA:80,21
DA:81,21
DA:87,259
FN:87,Greeting.setGreetingETH
FNDA:259,Greeting.setGreetingETH
DA:88,259
DA:89,259
BRDA:89,1,0,256
DA:90,256
DA:91,256
BRDA:91,2,0,1
DA:98,260
FN:98,Greeting.setGreetingWithPermit2612
FNDA:260,Greeting.setGreetingWithPermit2612
DA:107,260
BRDA:107,3,0,1
DA:108,259
BRDA:108,4,0,1
DA:111,258
DA:114,258
DA:115,258
BRDA:115,5,0,1
DA:117,257
DA:123,261
FN:123,Greeting.setGreetingWithPermit2
FNDA:261,Greeting.setGreetingWithPermit2
DA:130,261
BRDA:130,6,0,1
DA:131,260
BRDA:131,7,0,1
DA:132,259
BRDA:132,8,0,1
DA:133,258
BRDA:133,9,0,1
DA:135,257
DA:139,257
DA:145,773
FN:145,Greeting._updateGreeting
FNDA:773,Greeting._updateGreeting
DA:148,773
DA:151,773
DA:153,773
DA:154,773
DA:158,773
DA:162,2
FN:162,Greeting.receive
FNDA:2,Greeting.receive
DA:163,2
DA:164,2
BRDA:164,10,0,1
DA:167,0
FN:167,Greeting.fallback
FNDA:0,Greeting.fallback
DA:168,0
DA:169,0
BRDA:169,11,0,-
FNF:7
FNH:6
LF:35
LH:32
BRF:12
BRH:11
end_of_record
TN:
SF:test/Greeting.t.sol
DA:34,256
FN:34,Receiver.receive
FNDA:256,Receiver.receive
DA:35,0
FN:35,Receiver.balance
FNDA:0,Receiver.balance
DA:39,2
FN:39,RevertingReceiver.receive
FNDA:2,RevertingReceiver.receive
DA:40,0
FN:40,RevertingReceiver.fallback
FNDA:0,RevertingReceiver.fallback
DA:52,530
FN:52,MockERC20Permit.mint
FNDA:530,MockERC20Permit.mint
DA:53,1
FN:53,MockERC20Permit.setFailTransfers
FNDA:1,MockERC20Permit.setFailTransfers
DA:56,515
FN:56,MockERC20Permit.transferFrom
FNDA:515,MockERC20Permit.transferFrom
DA:58,514
DA:59,514
BRDA:59,1,0,-
BRDA:59,1,1,514
DA:60,514
BRDA:60,2,0,-
BRDA:60,2,1,514
DA:61,514
DA:62,514
DA:63,514
DA:64,514
DA:68,258
FN:68,MockERC20Permit.permit
FNDA:258,MockERC20Permit.permit
DA:75,258
DA:78,257
FN:78,MockERC20Permit.approve
FNDA:257,MockERC20Permit.approve
DA:79,257
DA:87,0
FN:87,MockPermit2.setSkipTransfers
FNDA:0,MockPermit2.setSkipTransfers
DA:89,257
FN:89,MockPermit2.permitTransferFrom
FNDA:257,MockPermit2.permitTransferFrom
DA:95,257
DA:98,257
BRDA:98,1,0,-
BRDA:98,1,1,257
FNF:11
FNH:8
LF:22
LH:19
BRF:6
BRH:3
end_of_record
